#
# There is insufficient memory for the Java Runtime Environment to continue.
# Native memory allocation (mmap) failed to map 1431830528 bytes for committing reserved memory.
# Possible reasons:
#   The system is out of physical RAM or swap space
#   In 32 bit mode, the process size limit was hit
# Possible solutions:
#   Reduce memory load on the system
#   Increase physical memory or swap space
#   Check if swap backing store is full
#   Use 64 bit Java on a 64 bit OS
#   Decrease Java heap size (-Xmx/-Xms)
#   Decrease number of Java threads
#   Decrease Java thread stack sizes (-Xss)
#   Set larger code cache with -XX:ReservedCodeCacheSize=
# This output file may be truncated or incomplete.
#
#  Out of Memory Error (os_linux.cpp:2743), pid=16356, tid=0x00007fe424933700
#
# JRE version:  (8.0_191-b12) (build )
# Java VM: Java HotSpot(TM) 64-Bit Server VM (25.191-b12 mixed mode linux-amd64 compressed oops)
# Failed to write core dump. Core dumps have been disabled. To enable core dumping, try "ulimit -c unlimited" before starting Java again
#

---------------  T H R E A D  ---------------

Current thread (0x00007fe41c00a800):  JavaThread "Unknown thread" [_thread_in_vm, id=16357, stack(0x00007fe424833000,0x00007fe424934000)]

Stack: [0x00007fe424833000,0x00007fe424934000],  sp=0x00007fe4249325d0,  free space=1021k
Native frames: (J=compiled Java code, j=interpreted, Vv=VM code, C=native code)
V  [libjvm.so+0xace425]  VMError::report_and_die()+0x2c5
V  [libjvm.so+0x4deb77]  report_vm_out_of_memory(char const*, int, unsigned long, VMErrorType, char const*)+0x67
V  [libjvm.so+0x90c570]  os::pd_commit_memory(char*, unsigned long, unsigned long, bool)+0x100
V  [libjvm.so+0x903eaf]  os::commit_memory(char*, unsigned long, unsigned long, bool)+0x1f
V  [libjvm.so+0x988346]  PSVirtualSpace::expand_by(unsigned long)+0x56
V  [libjvm.so+0x978c6c]  PSOldGen::initialize(ReservedSpace, unsigned long, char const*, int)+0x8c
V  [libjvm.so+0x2bce5e]  AdjoiningGenerations::AdjoiningGenerations(ReservedSpace, GenerationSizer*, unsigned long)+0x2fe
V  [libjvm.so+0x9369d2]  ParallelScavengeHeap::initialize()+0x222
V  [libjvm.so+0xa922ba]  Universe::initialize_heap()+0x16a
V  [libjvm.so+0xa92593]  universe_init()+0x33
V  [libjvm.so+0x62f0f0]  init_globals()+0x50
V  [libjvm.so+0xa74c57]  Threads::create_vm(JavaVMInitArgs*, bool*)+0x257
V  [libjvm.so+0x6d49ff]  JNI_CreateJavaVM+0x4f
C  [libjli.so+0x7e74]  JavaMain+0x84
C  [libpthread.so.0+0x76ba]  start_thread+0xca


---------------  P R O C E S S  ---------------

Java Threads: ( => current thread )

Other Threads:

=>0x00007fe41c00a800 (exited) JavaThread "Unknown thread" [_thread_in_vm, id=16357, stack(0x00007fe424833000,0x00007fe424934000)]

VM state:not at safepoint (not fully initialized)

VM Mutex/Monitor currently owned by a thread: None

GC Heap History (0 events):
No events

Deoptimization events (0 events):
No events

Classes redefined (0 events):
No events

Internal exceptions (0 events):
No events

Events (0 events):
No events


Dynamic libraries:
00400000-00401000 r-xp 00000000 08:02 12453120                           /usr/lib/jvm/java-8-oracle/bin/java
00600000-00601000 r--p 00000000 08:02 12453120                           /usr/lib/jvm/java-8-oracle/bin/java
00601000-00602000 rw-p 00001000 08:02 12453120                           /usr/lib/jvm/java-8-oracle/bin/java
02393000-023b4000 rw-p 00000000 00:00 0                                  [heap]
d5580000-100000000 rw-p 00000000 00:00 0 
7fe40c000000-7fe40c270000 rwxp 00000000 00:00 0 
7fe40c270000-7fe41c000000 ---p 00000000 00:00 0 
7fe41c000000-7fe41c035000 rw-p 00000000 00:00 0 
7fe41c035000-7fe420000000 ---p 00000000 00:00 0 
7fe420f08000-7fe42119b000 rw-p 00000000 00:00 0 
7fe42119b000-7fe421445000 ---p 00000000 00:00 0 
7fe421445000-7fe4215a6000 rw-p 00000000 00:00 0 
7fe4215a6000-7fe42199c000 ---p 00000000 00:00 0 
7fe42199c000-7fe4219b6000 r-xp 00000000 08:02 12583096                   /usr/lib/jvm/java-8-oracle/jre/lib/amd64/libzip.so
7fe4219b6000-7fe421bb6000 ---p 0001a000 08:02 12583096                   /usr/lib/jvm/java-8-oracle/jre/lib/amd64/libzip.so
7fe421bb6000-7fe421bb7000 r--p 0001a000 08:02 12583096                   /usr/lib/jvm/java-8-oracle/jre/lib/amd64/libzip.so
7fe421bb7000-7fe421bb8000 rw-p 0001b000 08:02 12583096                   /usr/lib/jvm/java-8-oracle/jre/lib/amd64/libzip.so
7fe421bb8000-7fe421bc3000 r-xp 00000000 08:02 55579277                   /lib/x86_64-linux-gnu/libnss_files-2.23.so
7fe421bc3000-7fe421dc2000 ---p 0000b000 08:02 55579277                   /lib/x86_64-linux-gnu/libnss_files-2.23.so
7fe421dc2000-7fe421dc3000 r--p 0000a000 08:02 55579277                   /lib/x86_64-linux-gnu/libnss_files-2.23.so
7fe421dc3000-7fe421dc4000 rw-p 0000b000 08:02 55579277                   /lib/x86_64-linux-gnu/libnss_files-2.23.so
7fe421dc4000-7fe421dca000 rw-p 00000000 00:00 0 
7fe421dca000-7fe421dd5000 r-xp 00000000 08:02 55579287                   /lib/x86_64-linux-gnu/libnss_nis-2.23.so
7fe421dd5000-7fe421fd4000 ---p 0000b000 08:02 55579287                   /lib/x86_64-linux-gnu/libnss_nis-2.23.so
7fe421fd4000-7fe421fd5000 r--p 0000a000 08:02 55579287                   /lib/x86_64-linux-gnu/libnss_nis-2.23.so
7fe421fd5000-7fe421fd6000 rw-p 0000b000 08:02 55579287                   /lib/x86_64-linux-gnu/libnss_nis-2.23.so
7fe421fd6000-7fe421fec000 r-xp 00000000 08:02 55579271                   /lib/x86_64-linux-gnu/libnsl-2.23.so
7fe421fec000-7fe4221eb000 ---p 00016000 08:02 55579271                   /lib/x86_64-linux-gnu/libnsl-2.23.so
7fe4221eb000-7fe4221ec000 r--p 00015000 08:02 55579271                   /lib/x86_64-linux-gnu/libnsl-2.23.so
7fe4221ec000-7fe4221ed000 rw-p 00016000 08:02 55579271                   /lib/x86_64-linux-gnu/libnsl-2.23.so
7fe4221ed000-7fe4221ef000 rw-p 00000000 00:00 0 
7fe4221ef000-7fe4221f7000 r-xp 00000000 08:02 55579273                   /lib/x86_64-linux-gnu/libnss_compat-2.23.so
7fe4221f7000-7fe4223f6000 ---p 00008000 08:02 55579273                   /lib/x86_64-linux-gnu/libnss_compat-2.23.so
7fe4223f6000-7fe4223f7000 r--p 00007000 08:02 55579273                   /lib/x86_64-linux-gnu/libnss_compat-2.23.so
7fe4223f7000-7fe4223f8000 rw-p 00008000 08:02 55579273                   /lib/x86_64-linux-gnu/libnss_compat-2.23.so
7fe4223f8000-7fe422425000 r-xp 00000000 08:02 12583090                   /usr/lib/jvm/java-8-oracle/jre/lib/amd64/libjava.so
7fe422425000-7fe422624000 ---p 0002d000 08:02 12583090                   /usr/lib/jvm/java-8-oracle/jre/lib/amd64/libjava.so
7fe422624000-7fe422625000 r--p 0002c000 08:02 12583090                   /usr/lib/jvm/java-8-oracle/jre/lib/amd64/libjava.so
7fe422625000-7fe422627000 rw-p 0002d000 08:02 12583090                   /usr/lib/jvm/java-8-oracle/jre/lib/amd64/libjava.so
7fe422627000-7fe422634000 r-xp 00000000 08:02 12583095                   /usr/lib/jvm/java-8-oracle/jre/lib/amd64/libverify.so
7fe422634000-7fe422833000 ---p 0000d000 08:02 12583095                   /usr/lib/jvm/java-8-oracle/jre/lib/amd64/libverify.so
7fe422833000-7fe422835000 r--p 0000c000 08:02 12583095                   /usr/lib/jvm/java-8-oracle/jre/lib/amd64/libverify.so
7fe422835000-7fe422836000 rw-p 0000e000 08:02 12583095                   /usr/lib/jvm/java-8-oracle/jre/lib/amd64/libverify.so
7fe422836000-7fe42283d000 r-xp 00000000 08:02 55579332                   /lib/x86_64-linux-gnu/librt-2.23.so
7fe42283d000-7fe422a3c000 ---p 00007000 08:02 55579332                   /lib/x86_64-linux-gnu/librt-2.23.so
7fe422a3c000-7fe422a3d000 r--p 00006000 08:02 55579332                   /lib/x86_64-linux-gnu/librt-2.23.so
7fe422a3d000-7fe422a3e000 rw-p 00007000 08:02 55579332                   /lib/x86_64-linux-gnu/librt-2.23.so
7fe422a3e000-7fe422b46000 r-xp 00000000 08:02 55579248                   /lib/x86_64-linux-gnu/libm-2.23.so
7fe422b46000-7fe422d45000 ---p 00108000 08:02 55579248                   /lib/x86_64-linux-gnu/libm-2.23.so
7fe422d45000-7fe422d46000 r--p 00107000 08:02 55579248                   /lib/x86_64-linux-gnu/libm-2.23.so
7fe422d46000-7fe422d47000 rw-p 00108000 08:02 55579248                   /lib/x86_64-linux-gnu/libm-2.23.so
7fe422d47000-7fe423a29000 r-xp 00000000 08:02 12583072                   /usr/lib/jvm/java-8-oracle/jre/lib/amd64/server/libjvm.so
7fe423a29000-7fe423c29000 ---p 00ce2000 08:02 12583072                   /usr/lib/jvm/java-8-oracle/jre/lib/amd64/server/libjvm.so
7fe423c29000-7fe423cbf000 r--p 00ce2000 08:02 12583072                   /usr/lib/jvm/java-8-oracle/jre/lib/amd64/server/libjvm.so
7fe423cbf000-7fe423cf0000 rw-p 00d78000 08:02 12583072                   /usr/lib/jvm/java-8-oracle/jre/lib/amd64/server/libjvm.so
7fe423cf0000-7fe423d2b000 rw-p 00000000 00:00 0 
7fe423d2b000-7fe423eeb000 r-xp 00000000 08:02 55579178                   /lib/x86_64-linux-gnu/libc-2.23.so
7fe423eeb000-7fe4240eb000 ---p 001c0000 08:02 55579178                   /lib/x86_64-linux-gnu/libc-2.23.so
7fe4240eb000-7fe4240ef000 r--p 001c0000 08:02 55579178                   /lib/x86_64-linux-gnu/libc-2.23.so
7fe4240ef000-7fe4240f1000 rw-p 001c4000 08:02 55579178                   /lib/x86_64-linux-gnu/libc-2.23.so
7fe4240f1000-7fe4240f5000 rw-p 00000000 00:00 0 
7fe4240f5000-7fe4240f8000 r-xp 00000000 08:02 55579202                   /lib/x86_64-linux-gnu/libdl-2.23.so
7fe4240f8000-7fe4242f7000 ---p 00003000 08:02 55579202                   /lib/x86_64-linux-gnu/libdl-2.23.so
7fe4242f7000-7fe4242f8000 r--p 00002000 08:02 55579202                   /lib/x86_64-linux-gnu/libdl-2.23.so
7fe4242f8000-7fe4242f9000 rw-p 00003000 08:02 55579202                   /lib/x86_64-linux-gnu/libdl-2.23.so
7fe4242f9000-7fe424310000 r-xp 00000000 08:02 12582926                   /usr/lib/jvm/java-8-oracle/lib/amd64/jli/libjli.so
7fe424310000-7fe42450f000 ---p 00017000 08:02 12582926                   /usr/lib/jvm/java-8-oracle/lib/amd64/jli/libjli.so
7fe42450f000-7fe424510000 r--p 00016000 08:02 12582926                   /usr/lib/jvm/java-8-oracle/lib/amd64/jli/libjli.so
7fe424510000-7fe424511000 rw-p 00017000 08:02 12582926                   /usr/lib/jvm/java-8-oracle/lib/amd64/jli/libjli.so
7fe424511000-7fe424529000 r-xp 00000000 08:02 55579324                   /lib/x86_64-linux-gnu/libpthread-2.23.so
7fe424529000-7fe424728000 ---p 00018000 08:02 55579324                   /lib/x86_64-linux-gnu/libpthread-2.23.so
7fe424728000-7fe424729000 r--p 00017000 08:02 55579324                   /lib/x86_64-linux-gnu/libpthread-2.23.so
7fe424729000-7fe42472a000 rw-p 00018000 08:02 55579324                   /lib/x86_64-linux-gnu/libpthread-2.23.so
7fe42472a000-7fe42472e000 rw-p 00000000 00:00 0 
7fe42472e000-7fe424754000 r-xp 00000000 08:02 55579150                   /lib/x86_64-linux-gnu/ld-2.23.so
7fe424833000-7fe424836000 ---p 00000000 00:00 0 
7fe424836000-7fe424939000 rw-p 00000000 00:00 0 
7fe424949000-7fe424951000 rw-s 00000000 08:02 116525692                  /tmp/hsperfdata_saeeds/16356
7fe424951000-7fe424952000 rw-p 00000000 00:00 0 
7fe424952000-7fe424953000 r--p 00000000 00:00 0 
7fe424953000-7fe424954000 r--p 00025000 08:02 55579150                   /lib/x86_64-linux-gnu/ld-2.23.so
7fe424954000-7fe424955000 rw-p 00026000 08:02 55579150                   /lib/x86_64-linux-gnu/ld-2.23.so
7fe424955000-7fe424956000 rw-p 00000000 00:00 0 
7fffc9dd7000-7fffc9df8000 rw-p 00000000 00:00 0                          [stack]
7fffc9dfb000-7fffc9dfe000 r--p 00000000 00:00 0                          [vvar]
7fffc9dfe000-7fffc9e00000 r-xp 00000000 00:00 0                          [vdso]
ffffffffff600000-ffffffffff601000 r-xp 00000000 00:00 0                  [vsyscall]

VM Arguments:
jvm_args: -Xms2048m -Xmx2048m -XX:ReservedCodeCacheSize=256m 
java_command: build/sbt-launch-0.13.16.jar clean
java_class_path (initial): build/sbt-launch-0.13.16.jar
Launcher Type: SUN_STANDARD

Environment Variables:
JAVA_HOME=/usr/lib/jvm/java-8-oracle
PATH=/home/saeeds/Downloads/spark-2.3.2/bin:/home/saeeds/bin:/home/saeeds/.local/bin:/usr/local/sbin:/usr/local/bin:/usr/sbin:/usr/bin:/sbin:/bin:/usr/games:/usr/local/games:/snap/bin:/usr/lib/jvm/java-8-oracle/bin:/usr/lib/jvm/java-8-oracle/db/bin:/usr/lib/jvm/java-8-oracle/jre/bin
SHELL=/bin/bash
DISPLAY=:0

Signal Handlers:
SIGSEGV: [libjvm.so+0xaced60], sa_mask[0]=11111111011111111101111111111110, sa_flags=SA_RESTART|SA_SIGINFO
SIGBUS: [libjvm.so+0xaced60], sa_mask[0]=11111111011111111101111111111110, sa_flags=SA_RESTART|SA_SIGINFO
SIGFPE: [libjvm.so+0x907ca0], sa_mask[0]=11111111011111111101111111111110, sa_flags=SA_RESTART|SA_SIGINFO
SIGPIPE: [libjvm.so+0x907ca0], sa_mask[0]=11111111011111111101111111111110, sa_flags=SA_RESTART|SA_SIGINFO
SIGXFSZ: [libjvm.so+0x907ca0], sa_mask[0]=11111111011111111101111111111110, sa_flags=SA_RESTART|SA_SIGINFO
SIGILL: [libjvm.so+0x907ca0], sa_mask[0]=11111111011111111101111111111110, sa_flags=SA_RESTART|SA_SIGINFO
SIGUSR1: SIG_DFL, sa_mask[0]=00000000000000000000000000000000, sa_flags=none
SIGUSR2: [libjvm.so+0x907b70], sa_mask[0]=00000000000000000000000000000000, sa_flags=SA_RESTART|SA_SIGINFO
SIGHUP: SIG_DFL, sa_mask[0]=00000000000000000000000000000000, sa_flags=none
SIGINT: SIG_DFL, sa_mask[0]=00000000000000000000000000000000, sa_flags=none
SIGTERM: SIG_DFL, sa_mask[0]=00000000000000000000000000000000, sa_flags=none
SIGQUIT: SIG_DFL, sa_mask[0]=00000000000000000000000000000000, sa_flags=none


---------------  S Y S T E M  ---------------

OS:DISTRIB_ID=Ubuntu
DISTRIB_RELEASE=16.04
DISTRIB_CODENAME=xenial
DISTRIB_DESCRIPTION="Ubuntu 16.04.5 LTS"

uname:Linux 4.15.0-45-generic #48~16.04.1-Ubuntu SMP Tue Jan 29 18:03:48 UTC 2019 x86_64
libc:glibc 2.23 NPTL 2.23 
rlimit: STACK 8192k, CORE 0k, NPROC 62836, NOFILE 1048576, AS infinity
load average:1.44 2.67 3.10

/proc/meminfo:
MemTotal:       16298752 kB
MemFree:          239124 kB
MemAvailable:    1179980 kB
Buffers:          135916 kB
Cached:          1251664 kB
SwapCached:        20112 kB
Active:         13791044 kB
Inactive:        1657000 kB
Active(anon):   13010636 kB
Inactive(anon):  1289176 kB
Active(file):     780408 kB
Inactive(file):   367824 kB
Unevictable:        2360 kB
Mlocked:            2360 kB
SwapTotal:       1000444 kB
SwapFree:          68736 kB
Dirty:               576 kB
Writeback:             0 kB
AnonPages:      14042944 kB
Mapped:           664692 kB
Shmem:            239348 kB
Slab:             211496 kB
SReclaimable:     100872 kB
SUnreclaim:       110624 kB
KernelStack:       25708 kB
PageTables:       125740 kB
NFS_Unstable:          0 kB
Bounce:                0 kB
WritebackTmp:          0 kB
CommitLimit:     9149820 kB
Committed_AS:   29885664 kB
VmallocTotal:   34359738367 kB
VmallocUsed:           0 kB
VmallocChunk:          0 kB
HardwareCorrupted:     0 kB
AnonHugePages:         0 kB
ShmemHugePages:        0 kB
ShmemPmdMapped:        0 kB
CmaTotal:              0 kB
CmaFree:               0 kB
HugePages_Total:       0
HugePages_Free:        0
HugePages_Rsvd:        0
HugePages_Surp:        0
Hugepagesize:       2048 kB
DirectMap4k:      585736 kB
DirectMap2M:    15017984 kB
DirectMap1G:     3145728 kB

container (cgroup) information:
container_type: cgroupv1
cpu_cpuset_cpus: 0-11
cpu_memory_nodes: 0
active_processor_count: 12
cpu_quota: -1
cpu_period: 100000
cpu_shares: -1
memory_limit_in_bytes: -1
memory_and_swap_limit_in_bytes: -2
memory_soft_limit_in_bytes: -1
memory_usage_in_bytes: 15804538880
memory_max_usage_in_bytes: 7442432


CPU:total 12 (initial active 12) (6 cores per cpu, 2 threads per core) family 6 model 79 stepping 1, cmov, cx8, fxsr, mmx, sse, sse2, sse3, ssse3, sse4.1, sse4.2, popcnt, avx, avx2, aes, clmul, erms, rtm, 3dnowpref, lzcnt, ht, tsc, tscinvbit, bmi1, bmi2, adx

/proc/cpuinfo:
processor	: 0
vendor_id	: GenuineIntel
cpu family	: 6
model		: 79
model name	: Intel(R) Xeon(R) CPU E5-1650 v4 @ 3.60GHz
stepping	: 1
microcode	: 0xb00002e
cpu MHz		: 1938.654
cache size	: 15360 KB
physical id	: 0
siblings	: 12
core id		: 0
cpu cores	: 6
apicid		: 0
initial apicid	: 0
fpu		: yes
fpu_exception	: yes
cpuid level	: 20
wp		: yes
flags		: fpu vme de pse tsc msr pae mce cx8 apic sep mtrr pge mca cmov pat pse36 clflush dts acpi mmx fxsr sse sse2 ss ht tm pbe syscall nx pdpe1gb rdtscp lm constant_tsc arch_perfmon pebs bts rep_good nopl xtopology nonstop_tsc cpuid aperfmperf pni pclmulqdq dtes64 monitor ds_cpl vmx smx est tm2 ssse3 sdbg fma cx16 xtpr pdcm pcid dca sse4_1 sse4_2 x2apic movbe popcnt tsc_deadline_timer aes xsave avx f16c rdrand lahf_lm abm 3dnowprefetch cpuid_fault epb cat_l3 cdp_l3 invpcid_single pti intel_ppin ssbd ibrs ibpb stibp tpr_shadow vnmi flexpriority ept vpid fsgsbase tsc_adjust bmi1 hle avx2 smep bmi2 erms invpcid rtm cqm rdt_a rdseed adx smap intel_pt xsaveopt cqm_llc cqm_occup_llc cqm_mbm_total cqm_mbm_local dtherm ida arat pln pts flush_l1d
bugs		: cpu_meltdown spectre_v1 spectre_v2 spec_store_bypass l1tf
bogomips	: 7199.92
clflush size	: 64
cache_alignment	: 64
address sizes	: 46 bits physical, 48 bits virtual
power management:

processor	: 1
vendor_id	: GenuineIntel
cpu family	: 6
model		: 79
model name	: Intel(R) Xeon(R) CPU E5-1650 v4 @ 3.60GHz
stepping	: 1
microcode	: 0xb00002e
cpu MHz		: 3223.637
cache size	: 15360 KB
physical id	: 0
siblings	: 12
core id		: 1
cpu cores	: 6
apicid		: 2
initial apicid	: 2
fpu		: yes
fpu_exception	: yes
cpuid level	: 20
wp		: yes
flags		: fpu vme de pse tsc msr pae mce cx8 apic sep mtrr pge mca cmov pat pse36 clflush dts acpi mmx fxsr sse sse2 ss ht tm pbe syscall nx pdpe1gb rdtscp lm constant_tsc arch_perfmon pebs bts rep_good nopl xtopology nonstop_tsc cpuid aperfmperf pni pclmulqdq dtes64 monitor ds_cpl vmx smx est tm2 ssse3 sdbg fma cx16 xtpr pdcm pcid dca sse4_1 sse4_2 x2apic movbe popcnt tsc_deadline_timer aes xsave avx f16c rdrand lahf_lm abm 3dnowprefetch cpuid_fault epb cat_l3 cdp_l3 invpcid_single pti intel_ppin ssbd ibrs ibpb stibp tpr_shadow vnmi flexpriority ept vpid fsgsbase tsc_adjust bmi1 hle avx2 smep bmi2 erms invpcid rtm cqm rdt_a rdseed adx smap intel_pt xsaveopt cqm_llc cqm_occup_llc cqm_mbm_total cqm_mbm_local dtherm ida arat pln pts flush_l1d
bugs		: cpu_meltdown spectre_v1 spectre_v2 spec_store_bypass l1tf
bogomips	: 7199.92
clflush size	: 64
cache_alignment	: 64
address sizes	: 46 bits physical, 48 bits virtual
power management:

processor	: 2
vendor_id	: GenuineIntel
cpu family	: 6
model		: 79
model name	: Intel(R) Xeon(R) CPU E5-1650 v4 @ 3.60GHz
stepping	: 1
microcode	: 0xb00002e
cpu MHz		: 1725.076
cache size	: 15360 KB
physical id	: 0
siblings	: 12
core id		: 2
cpu cores	: 6
apicid		: 4
initial apicid	: 4
fpu		: yes
fpu_exception	: yes
cpuid level	: 20
wp		: yes
flags		: fpu vme de pse tsc msr pae mce cx8 apic sep mtrr pge mca cmov pat pse36 clflush dts acpi mmx fxsr sse sse2 ss ht tm pbe syscall nx pdpe1gb rdtscp lm constant_tsc arch_perfmon pebs bts rep_good nopl xtopology nonstop_tsc cpuid aperfmperf pni pclmulqdq dtes64 monitor ds_cpl vmx smx est tm2 ssse3 sdbg fma cx16 xtpr pdcm pcid dca sse4_1 sse4_2 x2apic movbe popcnt tsc_deadline_timer aes xsave avx f16c rdrand lahf_lm abm 3dnowprefetch cpuid_fault epb cat_l3 cdp_l3 invpcid_single pti intel_ppin ssbd ibrs ibpb stibp tpr_shadow vnmi flexpriority ept vpid fsgsbase tsc_adjust bmi1 hle avx2 smep bmi2 erms invpcid rtm cqm rdt_a rdseed adx smap intel_pt xsaveopt cqm_llc cqm_occup_llc cqm_mbm_total cqm_mbm_local dtherm ida arat pln pts flush_l1d
bugs		: cpu_meltdown spectre_v1 spectre_v2 spec_store_bypass l1tf
bogomips	: 7199.92
clflush size	: 64
cache_alignment	: 64
address sizes	: 46 bits physical, 48 bits virtual
power management:

processor	: 3
vendor_id	: GenuineIntel
cpu family	: 6
model		: 79
model name	: Intel(R) Xeon(R) CPU E5-1650 v4 @ 3.60GHz
stepping	: 1
microcode	: 0xb00002e
cpu MHz		: 3599.961
cache size	: 15360 KB
physical id	: 0
siblings	: 12
core id		: 3
cpu cores	: 6
apicid		: 6
initial apicid	: 6
fpu		: yes
fpu_exception	: yes
cpuid level	: 20
wp		: yes
flags		: fpu vme de pse tsc msr pae mce cx8 apic sep mtrr pge mca cmov pat pse36 clflush dts acpi mmx fxsr sse sse2 ss ht tm pbe syscall nx pdpe1gb rdtscp lm constant_tsc arch_perfmon pebs bts rep_good nopl xtopology nonstop_tsc cpuid aperfmperf pni pclmulqdq dtes64 monitor ds_cpl vmx smx est tm2 ssse3 sdbg fma cx16 xtpr pdcm pcid dca sse4_1 sse4_2 x2apic movbe popcnt tsc_deadline_timer aes xsave avx f16c rdrand lahf_lm abm 3dnowprefetch cpuid_fault epb cat_l3 cdp_l3 invpcid_single pti intel_ppin ssbd ibrs ibpb stibp tpr_shadow vnmi flexpriority ept vpid fsgsbase tsc_adjust bmi1 hle avx2 smep bmi2 erms invpcid rtm cqm rdt_a rdseed adx smap intel_pt xsaveopt cqm_llc cqm_occup_llc cqm_mbm_total cqm_mbm_local dtherm ida arat pln pts flush_l1d
bugs		: cpu_meltdown spectre_v1 spectre_v2 spec_store_bypass l1tf
bogomips	: 7199.92
clflush size	: 64
cache_alignment	: 64
address sizes	: 46 bits physical, 48 bits virtual
power management:

processor	: 4
vendor_id	: GenuineIntel
cpu family	: 6
model		: 79
model name	: Intel(R) Xeon(R) CPU E5-1650 v4 @ 3.60GHz
stepping	: 1
microcode	: 0xb00002e
cpu MHz		: 3157.149
cache size	: 15360 KB
physical id	: 0
siblings	: 12
core id		: 4
cpu cores	: 6
apicid		: 8
initial apicid	: 8
fpu		: yes
fpu_exception	: yes
cpuid level	: 20
wp		: yes
flags		: fpu vme de pse tsc msr pae mce cx8 apic sep mtrr pge mca cmov pat pse36 clflush dts acpi mmx fxsr sse sse2 ss ht tm pbe syscall nx pdpe1gb rdtscp lm constant_tsc arch_perfmon pebs bts rep_good nopl xtopology nonstop_tsc cpuid aperfmperf pni pclmulqdq dtes64 monitor ds_cpl vmx smx est tm2 ssse3 sdbg fma cx16 xtpr pdcm pcid dca sse4_1 sse4_2 x2apic movbe popcnt tsc_deadline_timer aes xsave avx f16c rdrand lahf_lm abm 3dnowprefetch cpuid_fault epb cat_l3 cdp_l3 invpcid_single pti intel_ppin ssbd ibrs ibpb stibp tpr_shadow vnmi flexpriority ept vpid fsgsbase tsc_adjust bmi1 hle avx2 smep bmi2 erms invpcid rtm cqm rdt_a rdseed adx smap intel_pt xsaveopt cqm_llc cqm_occup_llc cqm_mbm_total cqm_mbm_local dtherm ida arat pln pts flush_l1d
bugs		: cpu_meltdown spectre_v1 spectre_v2 spec_store_bypass l1tf
bogomips	: 7199.92
clflush size	: 64
cache_alignment	: 64
address sizes	: 46 bits physical, 48 bits virtual
power management:

processor	: 5
vendor_id	: GenuineIntel
cpu family	: 6
model		: 79
model name	: Intel(R) Xeon(R) CPU E5-1650 v4 @ 3.60GHz
stepping	: 1
microcode	: 0xb00002e
cpu MHz		: 2139.840
cache size	: 15360 KB
physical id	: 0
siblings	: 12
core id		: 5
cpu cores	: 6
apicid		: 10
initial apicid	: 10
fpu		: yes
fpu_exception	: yes
cpuid level	: 20
wp		: yes
flags		: fpu vme de pse tsc msr pae mce cx8 apic sep mtrr pge mca cmov pat pse36 clflush dts acpi mmx fxsr sse sse2 ss ht tm pbe syscall nx pdpe1gb rdtscp lm constant_tsc arch_perfmon pebs bts rep_good nopl xtopology nonstop_tsc cpuid aperfmperf pni pclmulqdq dtes64 monitor ds_cpl vmx smx est tm2 ssse3 sdbg fma cx16 xtpr pdcm pcid dca sse4_1 sse4_2 x2apic movbe popcnt tsc_deadline_timer aes xsave avx f16c rdrand lahf_lm abm 3dnowprefetch cpuid_fault epb cat_l3 cdp_l3 invpcid_single pti intel_ppin ssbd ibrs ibpb stibp tpr_shadow vnmi flexpriority ept vpid fsgsbase tsc_adjust bmi1 hle avx2 smep bmi2 erms invpcid rtm cqm rdt_a rdseed adx smap intel_pt xsaveopt cqm_llc cqm_occup_llc cqm_mbm_total cqm_mbm_local dtherm ida arat pln pts flush_l1d
bugs		: cpu_meltdown spectre_v1 spectre_v2 spec_store_bypass l1tf
bogomips	: 7199.92
clflush size	: 64
cache_alignment	: 64
address sizes	: 46 bits physical, 48 bits virtual
power management:

processor	: 6
vendor_id	: GenuineIntel
cpu family	: 6
model		: 79
model name	: Intel(R) Xeon(R) CPU E5-1650 v4 @ 3.60GHz
stepping	: 1
microcode	: 0xb00002e
cpu MHz		: 1784.860
cache size	: 15360 KB
physical id	: 0
siblings	: 12
core id		: 0
cpu cores	: 6
apicid		: 1
initial apicid	: 1
fpu		: yes
fpu_exception	: yes
cpuid level	: 20
wp		: yes
flags		: fpu vme de pse tsc msr pae mce cx8 apic sep mtrr pge mca cmov pat pse36 clflush dts acpi mmx fxsr sse sse2 ss ht tm pbe syscall nx pdpe1gb rdtscp lm constant_tsc arch_perfmon pebs bts rep_good nopl xtopology nonstop_tsc cpuid aperfmperf pni pclmulqdq dtes64 monitor ds_cpl vmx smx est tm2 ssse3 sdbg fma cx16 xtpr pdcm pcid dca sse4_1 sse4_2 x2apic movbe popcnt tsc_deadline_timer aes xsave avx f16c rdrand lahf_lm abm 3dnowprefetch cpuid_fault epb cat_l3 cdp_l3 invpcid_single pti intel_ppin ssbd ibrs ibpb stibp tpr_shadow vnmi flexpriority ept vpid fsgsbase tsc_adjust bmi1 hle avx2 smep bmi2 erms invpcid rtm cqm rdt_a rdseed adx smap intel_pt xsaveopt cqm_llc cqm_occup_llc cqm_mbm_total cqm_mbm_local dtherm ida arat pln pts flush_l1d
bugs		: cpu_meltdown spectre_v1 spectre_v2 spec_store_bypass l1tf
bogomips	: 7199.92
clflush size	: 64
cache_alignment	: 64
address sizes	: 46 bits physical, 48 bits virtual
power management:

processor	: 7
vendor_id	: GenuineIntel
cpu family	: 6
model		: 79
model name	: Intel(R) Xeon(R) CPU E5-1650 v4 @ 3.60GHz
stepping	: 1
microcode	: 0xb00002e
cpu MHz		: 2893.233
cache size	: 15360 KB
physical id	: 0
siblings	: 12
core id		: 1
cpu cores	: 6
apicid		: 3
initial apicid	: 3
fpu		: yes
fpu_exception	: yes
cpuid level	: 20
wp		: yes
flags		: fpu vme de pse tsc msr pae mce cx8 apic sep mtrr pge mca cmov pat pse36 clflush dts acpi mmx fxsr sse sse2 ss ht tm pbe syscall nx pdpe1gb rdtscp lm constant_tsc arch_perfmon pebs bts rep_good nopl xtopology nonstop_tsc cpuid aperfmperf pni pclmulqdq dtes64 monitor ds_cpl vmx smx est tm2 ssse3 sdbg fma cx16 xtpr pdcm pcid dca sse4_1 sse4_2 x2apic movbe popcnt tsc_deadline_timer aes xsave avx f16c rdrand lahf_lm abm 3dnowprefetch cpuid_fault epb cat_l3 cdp_l3 invpcid_single pti intel_ppin ssbd ibrs ibpb stibp tpr_shadow vnmi flexpriority ept vpid fsgsbase tsc_adjust bmi1 hle avx2 smep bmi2 erms invpcid rtm cqm rdt_a rdseed adx smap intel_pt xsaveopt cqm_llc cqm_occup_llc cqm_mbm_total cqm_mbm_local dtherm ida arat pln pts flush_l1d
bugs		: cpu_meltdown spectre_v1 spectre_v2 spec_store_bypass l1tf
bogomips	: 7199.92
clflush size	: 64
cache_alignment	: 64
address sizes	: 46 bits physical, 48 bits virtual
power management:

processor	: 8
vendor_id	: GenuineIntel
cpu family	: 6
model		: 79
model name	: Intel(R) Xeon(R) CPU E5-1650 v4 @ 3.60GHz
stepping	: 1
microcode	: 0xb00002e
cpu MHz		: 1698.018
cache size	: 15360 KB
physical id	: 0
siblings	: 12
core id		: 2
cpu cores	: 6
apicid		: 5
initial apicid	: 5
fpu		: yes
fpu_exception	: yes
cpuid level	: 20
wp		: yes
flags		: fpu vme de pse tsc msr pae mce cx8 apic sep mtrr pge mca cmov pat pse36 clflush dts acpi mmx fxsr sse sse2 ss ht tm pbe syscall nx pdpe1gb rdtscp lm constant_tsc arch_perfmon pebs bts rep_good nopl xtopology nonstop_tsc cpuid aperfmperf pni pclmulqdq dtes64 monitor ds_cpl vmx smx est tm2 ssse3 sdbg fma cx16 xtpr pdcm pcid dca sse4_1 sse4_2 x2apic movbe popcnt tsc_deadline_timer aes xsave avx f16c rdrand lahf_lm abm 3dnowprefetch cpuid_fault epb cat_l3 cdp_l3 invpcid_single pti intel_ppin ssbd ibrs ibpb stibp tpr_shadow vnmi flexpriority ept vpid fsgsbase tsc_adjust bmi1 hle avx2 smep bmi2 erms invpcid rtm cqm rdt_a rdseed adx smap intel_pt xsaveopt cqm_llc cqm_occup_llc cqm_mbm_total cqm_mbm_local dtherm ida arat pln pts flush_l1d
bugs		: cpu_meltdown spectre_v1 spectre_v2 spec_store_bypass l1tf
bogomips	: 7199.92
clflush size	: 64
cache_alignment	: 64
address sizes	: 46 bits physical, 48 bits virtual
power management:

processor	: 9
vendor_id	: GenuineIntel
cpu family	: 6
model		: 79
model name	: Intel(R) Xeon(R) CPU E5-1650 v4 @ 3.60GHz
stepping	: 1
microcode	: 0xb00002e
cpu MHz		: 3599.966
cache size	: 15360 KB
physical id	: 0
siblings	: 12
core id		: 3
cpu cores	: 6
apicid		: 7
initial apicid	: 7
fpu		: yes
fpu_exception	: yes
cpuid level	: 20
wp		: yes
flags		: fpu vme de pse tsc msr pae mce cx8 apic sep mtrr pge mca cmov pat pse36 clflush dts acpi mmx fxsr sse sse2 ss ht tm pbe syscall nx pdpe1gb rdtscp lm constant_tsc arch_perfmon pebs bts rep_good nopl xtopology nonstop_tsc cpuid aperfmperf pni pclmulqdq dtes64 monitor ds_cpl vmx smx est tm2 ssse3 sdbg fma cx16 xtpr pdcm pcid dca sse4_1 sse4_2 x2apic movbe popcnt tsc_deadline_timer aes xsave avx f16c rdrand lahf_lm abm 3dnowprefetch cpuid_fault epb cat_l3 cdp_l3 invpcid_single pti intel_ppin ssbd ibrs ibpb stibp tpr_shadow vnmi flexpriority ept vpid fsgsbase tsc_adjust bmi1 hle avx2 smep bmi2 erms invpcid rtm cqm rdt_a rdseed adx smap intel_pt xsaveopt cqm_llc cqm_occup_llc cqm_mbm_total cqm_mbm_local dtherm ida arat pln pts flush_l1d
bugs		: cpu_meltdown spectre_v1 spectre_v2 spec_store_bypass l1tf
bogomips	: 7199.92
clflush size	: 64
cache_alignment	: 64
address sizes	: 46 bits physical, 48 bits virtual
power management:

processor	: 10
vendor_id	: GenuineIntel
cpu family	: 6
model		: 79
model name	: Intel(R) Xeon(R) CPU E5-1650 v4 @ 3.60GHz
stepping	: 1
microcode	: 0xb00002e
cpu MHz		: 3395.647
cache size	: 15360 KB
physical id	: 0
siblings	: 12
core id		: 4
cpu cores	: 6
apicid		: 9
initial apicid	: 9
fpu		: yes
fpu_exception	: yes
cpuid level	: 20
wp		: yes
flags		: fpu vme de pse tsc msr pae mce cx8 apic sep mtrr pge mca cmov pat pse36 clflush dts acpi mmx fxsr sse sse2 ss ht tm pbe syscall nx pdpe1gb rdtscp lm constant_tsc arch_perfmon pebs bts rep_good nopl xtopology nonstop_tsc cpuid aperfmperf pni pclmulqdq dtes64 monitor ds_cpl vmx smx est tm2 ssse3 sdbg fma cx16 xtpr pdcm pcid dca sse4_1 sse4_2 x2apic movbe popcnt tsc_deadline_timer aes xsave avx f16c rdrand lahf_lm abm 3dnowprefetch cpuid_fault epb cat_l3 cdp_l3 invpcid_single pti intel_ppin ssbd ibrs ibpb stibp tpr_shadow vnmi flexpriority ept vpid fsgsbase tsc_adjust bmi1 hle avx2 smep bmi2 erms invpcid rtm cqm rdt_a rdseed adx smap intel_pt xsaveopt cqm_llc cqm_occup_llc cqm_mbm_total cqm_mbm_local dtherm ida arat pln pts flush_l1d
bugs		: cpu_meltdown spectre_v1 spectre_v2 spec_store_bypass l1tf
bogomips	: 7199.92
clflush size	: 64
cache_alignment	: 64
address sizes	: 46 bits physical, 48 bits virtual
power management:

processor	: 11
vendor_id	: GenuineIntel
cpu family	: 6
model		: 79
model name	: Intel(R) Xeon(R) CPU E5-1650 v4 @ 3.60GHz
stepping	: 1
microcode	: 0xb00002e
cpu MHz		: 2144.911
cache size	: 15360 KB
physical id	: 0
siblings	: 12
core id		: 5
cpu cores	: 6
apicid		: 11
initial apicid	: 11
fpu		: yes
fpu_exception	: yes
cpuid level	: 20
wp		: yes
flags		: fpu vme de pse tsc msr pae mce cx8 apic sep mtrr pge mca cmov pat pse36 clflush dts acpi mmx fxsr sse sse2 ss ht tm pbe syscall nx pdpe1gb rdtscp lm constant_tsc arch_perfmon pebs bts rep_good nopl xtopology nonstop_tsc cpuid aperfmperf pni pclmulqdq dtes64 monitor ds_cpl vmx smx est tm2 ssse3 sdbg fma cx16 xtpr pdcm pcid dca sse4_1 sse4_2 x2apic movbe popcnt tsc_deadline_timer aes xsave avx f16c rdrand lahf_lm abm 3dnowprefetch cpuid_fault epb cat_l3 cdp_l3 invpcid_single pti intel_ppin ssbd ibrs ibpb stibp tpr_shadow vnmi flexpriority ept vpid fsgsbase tsc_adjust bmi1 hle avx2 smep bmi2 erms invpcid rtm cqm rdt_a rdseed adx smap intel_pt xsaveopt cqm_llc cqm_occup_llc cqm_mbm_total cqm_mbm_local dtherm ida arat pln pts flush_l1d
bugs		: cpu_meltdown spectre_v1 spectre_v2 spec_store_bypass l1tf
bogomips	: 7199.92
clflush size	: 64
cache_alignment	: 64
address sizes	: 46 bits physical, 48 bits virtual
power management:



Memory: 4k page, physical 16298752k(238876k free), swap 1000444k(68736k free)

vm_info: Java HotSpot(TM) 64-Bit Server VM (25.191-b12) for linux-amd64 JRE (1.8.0_191-b12), built on Oct  6 2018 05:43:09 by "java_re" with gcc 7.3.0

time: Mon Mar  4 15:03:44 2019
elapsed time: 0 seconds (0d 0h 0m 0s)

