#
# There is insufficient memory for the Java Runtime Environment to continue.
# Native memory allocation (mmap) failed to map 1431830528 bytes for committing reserved memory.
# Possible reasons:
#   The system is out of physical RAM or swap space
#   In 32 bit mode, the process size limit was hit
# Possible solutions:
#   Reduce memory load on the system
#   Increase physical memory or swap space
#   Check if swap backing store is full
#   Use 64 bit Java on a 64 bit OS
#   Decrease Java heap size (-Xmx/-Xms)
#   Decrease number of Java threads
#   Decrease Java thread stack sizes (-Xss)
#   Set larger code cache with -XX:ReservedCodeCacheSize=
# This output file may be truncated or incomplete.
#
#  Out of Memory Error (os_linux.cpp:2743), pid=16373, tid=0x00007f8fca3b2700
#
# JRE version:  (8.0_191-b12) (build )
# Java VM: Java HotSpot(TM) 64-Bit Server VM (25.191-b12 mixed mode linux-amd64 compressed oops)
# Failed to write core dump. Core dumps have been disabled. To enable core dumping, try "ulimit -c unlimited" before starting Java again
#

---------------  T H R E A D  ---------------

Current thread (0x00007f8fc400a800):  JavaThread "Unknown thread" [_thread_in_vm, id=16374, stack(0x00007f8fca2b2000,0x00007f8fca3b3000)]

Stack: [0x00007f8fca2b2000,0x00007f8fca3b3000],  sp=0x00007f8fca3b15d0,  free space=1021k
Native frames: (J=compiled Java code, j=interpreted, Vv=VM code, C=native code)
V  [libjvm.so+0xace425]  VMError::report_and_die()+0x2c5
V  [libjvm.so+0x4deb77]  report_vm_out_of_memory(char const*, int, unsigned long, VMErrorType, char const*)+0x67
V  [libjvm.so+0x90c570]  os::pd_commit_memory(char*, unsigned long, unsigned long, bool)+0x100
V  [libjvm.so+0x903eaf]  os::commit_memory(char*, unsigned long, unsigned long, bool)+0x1f
V  [libjvm.so+0x988346]  PSVirtualSpace::expand_by(unsigned long)+0x56
V  [libjvm.so+0x978c6c]  PSOldGen::initialize(ReservedSpace, unsigned long, char const*, int)+0x8c
V  [libjvm.so+0x2bce5e]  AdjoiningGenerations::AdjoiningGenerations(ReservedSpace, GenerationSizer*, unsigned long)+0x2fe
V  [libjvm.so+0x9369d2]  ParallelScavengeHeap::initialize()+0x222
V  [libjvm.so+0xa922ba]  Universe::initialize_heap()+0x16a
V  [libjvm.so+0xa92593]  universe_init()+0x33
V  [libjvm.so+0x62f0f0]  init_globals()+0x50
V  [libjvm.so+0xa74c57]  Threads::create_vm(JavaVMInitArgs*, bool*)+0x257
V  [libjvm.so+0x6d49ff]  JNI_CreateJavaVM+0x4f
C  [libjli.so+0x7e74]  JavaMain+0x84
C  [libpthread.so.0+0x76ba]  start_thread+0xca


---------------  P R O C E S S  ---------------

Java Threads: ( => current thread )

Other Threads:

=>0x00007f8fc400a800 (exited) JavaThread "Unknown thread" [_thread_in_vm, id=16374, stack(0x00007f8fca2b2000,0x00007f8fca3b3000)]

VM state:not at safepoint (not fully initialized)

VM Mutex/Monitor currently owned by a thread: None

GC Heap History (0 events):
No events

Deoptimization events (0 events):
No events

Classes redefined (0 events):
No events

Internal exceptions (0 events):
No events

Events (0 events):
No events


Dynamic libraries:
00400000-00401000 r-xp 00000000 08:02 12453120                           /usr/lib/jvm/java-8-oracle/bin/java
00600000-00601000 r--p 00000000 08:02 12453120                           /usr/lib/jvm/java-8-oracle/bin/java
00601000-00602000 rw-p 00001000 08:02 12453120                           /usr/lib/jvm/java-8-oracle/bin/java
017b6000-017d7000 rw-p 00000000 00:00 0                                  [heap]
d5580000-100000000 rw-p 00000000 00:00 0 
7f8fb28e1000-7f8fb2b74000 rw-p 00000000 00:00 0 
7f8fb2b74000-7f8fb2e1e000 ---p 00000000 00:00 0 
7f8fb2e1e000-7f8fb2f7f000 rw-p 00000000 00:00 0 
7f8fb2f7f000-7f8fb3375000 ---p 00000000 00:00 0 
7f8fb3375000-7f8fb35e5000 rwxp 00000000 00:00 0 
7f8fb35e5000-7f8fc3375000 ---p 00000000 00:00 0 
7f8fc3375000-7f8fc338f000 r-xp 00000000 08:02 12583096                   /usr/lib/jvm/java-8-oracle/jre/lib/amd64/libzip.so
7f8fc338f000-7f8fc358f000 ---p 0001a000 08:02 12583096                   /usr/lib/jvm/java-8-oracle/jre/lib/amd64/libzip.so
7f8fc358f000-7f8fc3590000 r--p 0001a000 08:02 12583096                   /usr/lib/jvm/java-8-oracle/jre/lib/amd64/libzip.so
7f8fc3590000-7f8fc3591000 rw-p 0001b000 08:02 12583096                   /usr/lib/jvm/java-8-oracle/jre/lib/amd64/libzip.so
7f8fc3591000-7f8fc359c000 r-xp 00000000 08:02 55579277                   /lib/x86_64-linux-gnu/libnss_files-2.23.so
7f8fc359c000-7f8fc379b000 ---p 0000b000 08:02 55579277                   /lib/x86_64-linux-gnu/libnss_files-2.23.so
7f8fc379b000-7f8fc379c000 r--p 0000a000 08:02 55579277                   /lib/x86_64-linux-gnu/libnss_files-2.23.so
7f8fc379c000-7f8fc379d000 rw-p 0000b000 08:02 55579277                   /lib/x86_64-linux-gnu/libnss_files-2.23.so
7f8fc379d000-7f8fc37a3000 rw-p 00000000 00:00 0 
7f8fc37a3000-7f8fc37ae000 r-xp 00000000 08:02 55579287                   /lib/x86_64-linux-gnu/libnss_nis-2.23.so
7f8fc37ae000-7f8fc39ad000 ---p 0000b000 08:02 55579287                   /lib/x86_64-linux-gnu/libnss_nis-2.23.so
7f8fc39ad000-7f8fc39ae000 r--p 0000a000 08:02 55579287                   /lib/x86_64-linux-gnu/libnss_nis-2.23.so
7f8fc39ae000-7f8fc39af000 rw-p 0000b000 08:02 55579287                   /lib/x86_64-linux-gnu/libnss_nis-2.23.so
7f8fc39af000-7f8fc39c5000 r-xp 00000000 08:02 55579271                   /lib/x86_64-linux-gnu/libnsl-2.23.so
7f8fc39c5000-7f8fc3bc4000 ---p 00016000 08:02 55579271                   /lib/x86_64-linux-gnu/libnsl-2.23.so
7f8fc3bc4000-7f8fc3bc5000 r--p 00015000 08:02 55579271                   /lib/x86_64-linux-gnu/libnsl-2.23.so
7f8fc3bc5000-7f8fc3bc6000 rw-p 00016000 08:02 55579271                   /lib/x86_64-linux-gnu/libnsl-2.23.so
7f8fc3bc6000-7f8fc3bc8000 rw-p 00000000 00:00 0 
7f8fc3bc8000-7f8fc3bd0000 r-xp 00000000 08:02 55579273                   /lib/x86_64-linux-gnu/libnss_compat-2.23.so
7f8fc3bd0000-7f8fc3dcf000 ---p 00008000 08:02 55579273                   /lib/x86_64-linux-gnu/libnss_compat-2.23.so
7f8fc3dcf000-7f8fc3dd0000 r--p 00007000 08:02 55579273                   /lib/x86_64-linux-gnu/libnss_compat-2.23.so
7f8fc3dd0000-7f8fc3dd1000 rw-p 00008000 08:02 55579273                   /lib/x86_64-linux-gnu/libnss_compat-2.23.so
7f8fc3dd1000-7f8fc3dfe000 r-xp 00000000 08:02 12583090                   /usr/lib/jvm/java-8-oracle/jre/lib/amd64/libjava.so
7f8fc3dfe000-7f8fc3ffd000 ---p 0002d000 08:02 12583090                   /usr/lib/jvm/java-8-oracle/jre/lib/amd64/libjava.so
7f8fc3ffd000-7f8fc3ffe000 r--p 0002c000 08:02 12583090                   /usr/lib/jvm/java-8-oracle/jre/lib/amd64/libjava.so
7f8fc3ffe000-7f8fc4000000 rw-p 0002d000 08:02 12583090                   /usr/lib/jvm/java-8-oracle/jre/lib/amd64/libjava.so
7f8fc4000000-7f8fc4035000 rw-p 00000000 00:00 0 
7f8fc4035000-7f8fc8000000 ---p 00000000 00:00 0 
7f8fc80a6000-7f8fc80b3000 r-xp 00000000 08:02 12583095                   /usr/lib/jvm/java-8-oracle/jre/lib/amd64/libverify.so
7f8fc80b3000-7f8fc82b2000 ---p 0000d000 08:02 12583095                   /usr/lib/jvm/java-8-oracle/jre/lib/amd64/libverify.so
7f8fc82b2000-7f8fc82b4000 r--p 0000c000 08:02 12583095                   /usr/lib/jvm/java-8-oracle/jre/lib/amd64/libverify.so
7f8fc82b4000-7f8fc82b5000 rw-p 0000e000 08:02 12583095                   /usr/lib/jvm/java-8-oracle/jre/lib/amd64/libverify.so
7f8fc82b5000-7f8fc82bc000 r-xp 00000000 08:02 55579332                   /lib/x86_64-linux-gnu/librt-2.23.so
7f8fc82bc000-7f8fc84bb000 ---p 00007000 08:02 55579332                   /lib/x86_64-linux-gnu/librt-2.23.so
7f8fc84bb000-7f8fc84bc000 r--p 00006000 08:02 55579332                   /lib/x86_64-linux-gnu/librt-2.23.so
7f8fc84bc000-7f8fc84bd000 rw-p 00007000 08:02 55579332                   /lib/x86_64-linux-gnu/librt-2.23.so
7f8fc84bd000-7f8fc85c5000 r-xp 00000000 08:02 55579248                   /lib/x86_64-linux-gnu/libm-2.23.so
7f8fc85c5000-7f8fc87c4000 ---p 00108000 08:02 55579248                   /lib/x86_64-linux-gnu/libm-2.23.so
7f8fc87c4000-7f8fc87c5000 r--p 00107000 08:02 55579248                   /lib/x86_64-linux-gnu/libm-2.23.so
7f8fc87c5000-7f8fc87c6000 rw-p 00108000 08:02 55579248                   /lib/x86_64-linux-gnu/libm-2.23.so
7f8fc87c6000-7f8fc94a8000 r-xp 00000000 08:02 12583072                   /usr/lib/jvm/java-8-oracle/jre/lib/amd64/server/libjvm.so
7f8fc94a8000-7f8fc96a8000 ---p 00ce2000 08:02 12583072                   /usr/lib/jvm/java-8-oracle/jre/lib/amd64/server/libjvm.so
7f8fc96a8000-7f8fc973e000 r--p 00ce2000 08:02 12583072                   /usr/lib/jvm/java-8-oracle/jre/lib/amd64/server/libjvm.so
7f8fc973e000-7f8fc976f000 rw-p 00d78000 08:02 12583072                   /usr/lib/jvm/java-8-oracle/jre/lib/amd64/server/libjvm.so
7f8fc976f000-7f8fc97aa000 rw-p 00000000 00:00 0 
7f8fc97aa000-7f8fc996a000 r-xp 00000000 08:02 55579178                   /lib/x86_64-linux-gnu/libc-2.23.so
7f8fc996a000-7f8fc9b6a000 ---p 001c0000 08:02 55579178                   /lib/x86_64-linux-gnu/libc-2.23.so
7f8fc9b6a000-7f8fc9b6e000 r--p 001c0000 08:02 55579178                   /lib/x86_64-linux-gnu/libc-2.23.so
7f8fc9b6e000-7f8fc9b70000 rw-p 001c4000 08:02 55579178                   /lib/x86_64-linux-gnu/libc-2.23.so
7f8fc9b70000-7f8fc9b74000 rw-p 00000000 00:00 0 
7f8fc9b74000-7f8fc9b77000 r-xp 00000000 08:02 55579202                   /lib/x86_64-linux-gnu/libdl-2.23.so
7f8fc9b77000-7f8fc9d76000 ---p 00003000 08:02 55579202                   /lib/x86_64-linux-gnu/libdl-2.23.so
7f8fc9d76000-7f8fc9d77000 r--p 00002000 08:02 55579202                   /lib/x86_64-linux-gnu/libdl-2.23.so
7f8fc9d77000-7f8fc9d78000 rw-p 00003000 08:02 55579202                   /lib/x86_64-linux-gnu/libdl-2.23.so
7f8fc9d78000-7f8fc9d8f000 r-xp 00000000 08:02 12582926                   /usr/lib/jvm/java-8-oracle/lib/amd64/jli/libjli.so
7f8fc9d8f000-7f8fc9f8e000 ---p 00017000 08:02 12582926                   /usr/lib/jvm/java-8-oracle/lib/amd64/jli/libjli.so
7f8fc9f8e000-7f8fc9f8f000 r--p 00016000 08:02 12582926                   /usr/lib/jvm/java-8-oracle/lib/amd64/jli/libjli.so
7f8fc9f8f000-7f8fc9f90000 rw-p 00017000 08:02 12582926                   /usr/lib/jvm/java-8-oracle/lib/amd64/jli/libjli.so
7f8fc9f90000-7f8fc9fa8000 r-xp 00000000 08:02 55579324                   /lib/x86_64-linux-gnu/libpthread-2.23.so
7f8fc9fa8000-7f8fca1a7000 ---p 00018000 08:02 55579324                   /lib/x86_64-linux-gnu/libpthread-2.23.so
7f8fca1a7000-7f8fca1a8000 r--p 00017000 08:02 55579324                   /lib/x86_64-linux-gnu/libpthread-2.23.so
7f8fca1a8000-7f8fca1a9000 rw-p 00018000 08:02 55579324                   /lib/x86_64-linux-gnu/libpthread-2.23.so
7f8fca1a9000-7f8fca1ad000 rw-p 00000000 00:00 0 
7f8fca1ad000-7f8fca1d3000 r-xp 00000000 08:02 55579150                   /lib/x86_64-linux-gnu/ld-2.23.so
7f8fca2b2000-7f8fca2b5000 ---p 00000000 00:00 0 
7f8fca2b5000-7f8fca3b8000 rw-p 00000000 00:00 0 
7f8fca3c8000-7f8fca3d0000 rw-s 00000000 08:02 116525692                  /tmp/hsperfdata_saeeds/16373
7f8fca3d0000-7f8fca3d1000 rw-p 00000000 00:00 0 
7f8fca3d1000-7f8fca3d2000 r--p 00000000 00:00 0 
7f8fca3d2000-7f8fca3d3000 r--p 00025000 08:02 55579150                   /lib/x86_64-linux-gnu/ld-2.23.so
7f8fca3d3000-7f8fca3d4000 rw-p 00026000 08:02 55579150                   /lib/x86_64-linux-gnu/ld-2.23.so
7f8fca3d4000-7f8fca3d5000 rw-p 00000000 00:00 0 
7ffcf6f7e000-7ffcf6f9f000 rw-p 00000000 00:00 0                          [stack]
7ffcf6fc4000-7ffcf6fc7000 r--p 00000000 00:00 0                          [vvar]
7ffcf6fc7000-7ffcf6fc9000 r-xp 00000000 00:00 0                          [vdso]
ffffffffff600000-ffffffffff601000 r-xp 00000000 00:00 0                  [vsyscall]

VM Arguments:
jvm_args: -Xms2048m -Xmx2048m -XX:ReservedCodeCacheSize=256m 
java_command: build/sbt-launch-0.13.16.jar clean
java_class_path (initial): build/sbt-launch-0.13.16.jar
Launcher Type: SUN_STANDARD

Environment Variables:
JAVA_HOME=/usr/lib/jvm/java-8-oracle
PATH=/home/saeeds/Downloads/spark-2.3.2/bin:/home/saeeds/bin:/home/saeeds/.local/bin:/usr/local/sbin:/usr/local/bin:/usr/sbin:/usr/bin:/sbin:/bin:/usr/games:/usr/local/games:/snap/bin:/usr/lib/jvm/java-8-oracle/bin:/usr/lib/jvm/java-8-oracle/db/bin:/usr/lib/jvm/java-8-oracle/jre/bin
SHELL=/bin/bash
DISPLAY=:0

Signal Handlers:
SIGSEGV: [libjvm.so+0xaced60], sa_mask[0]=11111111011111111101111111111110, sa_flags=SA_RESTART|SA_SIGINFO
SIGBUS: [libjvm.so+0xaced60], sa_mask[0]=11111111011111111101111111111110, sa_flags=SA_RESTART|SA_SIGINFO
SIGFPE: [libjvm.so+0x907ca0], sa_mask[0]=11111111011111111101111111111110, sa_flags=SA_RESTART|SA_SIGINFO
SIGPIPE: [libjvm.so+0x907ca0], sa_mask[0]=11111111011111111101111111111110, sa_flags=SA_RESTART|SA_SIGINFO
SIGXFSZ: [libjvm.so+0x907ca0], sa_mask[0]=11111111011111111101111111111110, sa_flags=SA_RESTART|SA_SIGINFO
SIGILL: [libjvm.so+0x907ca0], sa_mask[0]=11111111011111111101111111111110, sa_flags=SA_RESTART|SA_SIGINFO
SIGUSR1: SIG_DFL, sa_mask[0]=00000000000000000000000000000000, sa_flags=none
SIGUSR2: [libjvm.so+0x907b70], sa_mask[0]=00000000000000000000000000000000, sa_flags=SA_RESTART|SA_SIGINFO
SIGHUP: SIG_DFL, sa_mask[0]=00000000000000000000000000000000, sa_flags=none
SIGINT: SIG_DFL, sa_mask[0]=00000000000000000000000000000000, sa_flags=none
SIGTERM: SIG_DFL, sa_mask[0]=00000000000000000000000000000000, sa_flags=none
SIGQUIT: SIG_DFL, sa_mask[0]=00000000000000000000000000000000, sa_flags=none


---------------  S Y S T E M  ---------------

OS:DISTRIB_ID=Ubuntu
DISTRIB_RELEASE=16.04
DISTRIB_CODENAME=xenial
DISTRIB_DESCRIPTION="Ubuntu 16.04.5 LTS"

uname:Linux 4.15.0-45-generic #48~16.04.1-Ubuntu SMP Tue Jan 29 18:03:48 UTC 2019 x86_64
libc:glibc 2.23 NPTL 2.23 
rlimit: STACK 8192k, CORE 0k, NPROC 62836, NOFILE 1048576, AS infinity
load average:1.33 2.63 3.09

/proc/meminfo:
MemTotal:       16298752 kB
MemFree:          237876 kB
MemAvailable:    1178788 kB
Buffers:          135936 kB
Cached:          1251700 kB
SwapCached:        20112 kB
Active:         13790612 kB
Inactive:        1656944 kB
Active(anon):   13010096 kB
Inactive(anon):  1289172 kB
Active(file):     780516 kB
Inactive(file):   367772 kB
Unevictable:        2360 kB
Mlocked:            2360 kB
SwapTotal:       1000444 kB
SwapFree:          68736 kB
Dirty:               832 kB
Writeback:             0 kB
AnonPages:      14042440 kB
Mapped:           664668 kB
Shmem:            239348 kB
Slab:             211560 kB
SReclaimable:     100872 kB
SUnreclaim:       110688 kB
KernelStack:       25648 kB
PageTables:       125692 kB
NFS_Unstable:          0 kB
Bounce:                0 kB
WritebackTmp:          0 kB
CommitLimit:     9149820 kB
Committed_AS:   29887840 kB
VmallocTotal:   34359738367 kB
VmallocUsed:           0 kB
VmallocChunk:          0 kB
HardwareCorrupted:     0 kB
AnonHugePages:         0 kB
ShmemHugePages:        0 kB
ShmemPmdMapped:        0 kB
CmaTotal:              0 kB
CmaFree:               0 kB
HugePages_Total:       0
HugePages_Free:        0
HugePages_Rsvd:        0
HugePages_Surp:        0
Hugepagesize:       2048 kB
DirectMap4k:      585736 kB
DirectMap2M:    15017984 kB
DirectMap1G:     3145728 kB

container (cgroup) information:
container_type: cgroupv1
cpu_cpuset_cpus: 0-11
cpu_memory_nodes: 0
active_processor_count: 12
cpu_quota: -1
cpu_period: 100000
cpu_shares: -1
memory_limit_in_bytes: -1
memory_and_swap_limit_in_bytes: -2
memory_soft_limit_in_bytes: -1
memory_usage_in_bytes: 15804510208
memory_max_usage_in_bytes: 7442432


CPU:total 12 (initial active 12) (6 cores per cpu, 2 threads per core) family 6 model 79 stepping 1, cmov, cx8, fxsr, mmx, sse, sse2, sse3, ssse3, sse4.1, sse4.2, popcnt, avx, avx2, aes, clmul, erms, rtm, 3dnowpref, lzcnt, ht, tsc, tscinvbit, bmi1, bmi2, adx

/proc/cpuinfo:
processor	: 0
vendor_id	: GenuineIntel
cpu family	: 6
model		: 79
model name	: Intel(R) Xeon(R) CPU E5-1650 v4 @ 3.60GHz
stepping	: 1
microcode	: 0xb00002e
cpu MHz		: 1277.808
cache size	: 15360 KB
physical id	: 0
siblings	: 12
core id		: 0
cpu cores	: 6
apicid		: 0
initial apicid	: 0
fpu		: yes
fpu_exception	: yes
cpuid level	: 20
wp		: yes
flags		: fpu vme de pse tsc msr pae mce cx8 apic sep mtrr pge mca cmov pat pse36 clflush dts acpi mmx fxsr sse sse2 ss ht tm pbe syscall nx pdpe1gb rdtscp lm constant_tsc arch_perfmon pebs bts rep_good nopl xtopology nonstop_tsc cpuid aperfmperf pni pclmulqdq dtes64 monitor ds_cpl vmx smx est tm2 ssse3 sdbg fma cx16 xtpr pdcm pcid dca sse4_1 sse4_2 x2apic movbe popcnt tsc_deadline_timer aes xsave avx f16c rdrand lahf_lm abm 3dnowprefetch cpuid_fault epb cat_l3 cdp_l3 invpcid_single pti intel_ppin ssbd ibrs ibpb stibp tpr_shadow vnmi flexpriority ept vpid fsgsbase tsc_adjust bmi1 hle avx2 smep bmi2 erms invpcid rtm cqm rdt_a rdseed adx smap intel_pt xsaveopt cqm_llc cqm_occup_llc cqm_mbm_total cqm_mbm_local dtherm ida arat pln pts flush_l1d
bugs		: cpu_meltdown spectre_v1 spectre_v2 spec_store_bypass l1tf
bogomips	: 7199.92
clflush size	: 64
cache_alignment	: 64
address sizes	: 46 bits physical, 48 bits virtual
power management:

processor	: 1
vendor_id	: GenuineIntel
cpu family	: 6
model		: 79
model name	: Intel(R) Xeon(R) CPU E5-1650 v4 @ 3.60GHz
stepping	: 1
microcode	: 0xb00002e
cpu MHz		: 2517.691
cache size	: 15360 KB
physical id	: 0
siblings	: 12
core id		: 1
cpu cores	: 6
apicid		: 2
initial apicid	: 2
fpu		: yes
fpu_exception	: yes
cpuid level	: 20
wp		: yes
flags		: fpu vme de pse tsc msr pae mce cx8 apic sep mtrr pge mca cmov pat pse36 clflush dts acpi mmx fxsr sse sse2 ss ht tm pbe syscall nx pdpe1gb rdtscp lm constant_tsc arch_perfmon pebs bts rep_good nopl xtopology nonstop_tsc cpuid aperfmperf pni pclmulqdq dtes64 monitor ds_cpl vmx smx est tm2 ssse3 sdbg fma cx16 xtpr pdcm pcid dca sse4_1 sse4_2 x2apic movbe popcnt tsc_deadline_timer aes xsave avx f16c rdrand lahf_lm abm 3dnowprefetch cpuid_fault epb cat_l3 cdp_l3 invpcid_single pti intel_ppin ssbd ibrs ibpb stibp tpr_shadow vnmi flexpriority ept vpid fsgsbase tsc_adjust bmi1 hle avx2 smep bmi2 erms invpcid rtm cqm rdt_a rdseed adx smap intel_pt xsaveopt cqm_llc cqm_occup_llc cqm_mbm_total cqm_mbm_local dtherm ida arat pln pts flush_l1d
bugs		: cpu_meltdown spectre_v1 spectre_v2 spec_store_bypass l1tf
bogomips	: 7199.92
clflush size	: 64
cache_alignment	: 64
address sizes	: 46 bits physical, 48 bits virtual
power management:

processor	: 2
vendor_id	: GenuineIntel
cpu family	: 6
model		: 79
model name	: Intel(R) Xeon(R) CPU E5-1650 v4 @ 3.60GHz
stepping	: 1
microcode	: 0xb00002e
cpu MHz		: 1200.046
cache size	: 15360 KB
physical id	: 0
siblings	: 12
core id		: 2
cpu cores	: 6
apicid		: 4
initial apicid	: 4
fpu		: yes
fpu_exception	: yes
cpuid level	: 20
wp		: yes
flags		: fpu vme de pse tsc msr pae mce cx8 apic sep mtrr pge mca cmov pat pse36 clflush dts acpi mmx fxsr sse sse2 ss ht tm pbe syscall nx pdpe1gb rdtscp lm constant_tsc arch_perfmon pebs bts rep_good nopl xtopology nonstop_tsc cpuid aperfmperf pni pclmulqdq dtes64 monitor ds_cpl vmx smx est tm2 ssse3 sdbg fma cx16 xtpr pdcm pcid dca sse4_1 sse4_2 x2apic movbe popcnt tsc_deadline_timer aes xsave avx f16c rdrand lahf_lm abm 3dnowprefetch cpuid_fault epb cat_l3 cdp_l3 invpcid_single pti intel_ppin ssbd ibrs ibpb stibp tpr_shadow vnmi flexpriority ept vpid fsgsbase tsc_adjust bmi1 hle avx2 smep bmi2 erms invpcid rtm cqm rdt_a rdseed adx smap intel_pt xsaveopt cqm_llc cqm_occup_llc cqm_mbm_total cqm_mbm_local dtherm ida arat pln pts flush_l1d
bugs		: cpu_meltdown spectre_v1 spectre_v2 spec_store_bypass l1tf
bogomips	: 7199.92
clflush size	: 64
cache_alignment	: 64
address sizes	: 46 bits physical, 48 bits virtual
power management:

processor	: 3
vendor_id	: GenuineIntel
cpu family	: 6
model		: 79
model name	: Intel(R) Xeon(R) CPU E5-1650 v4 @ 3.60GHz
stepping	: 1
microcode	: 0xb00002e
cpu MHz		: 2327.809
cache size	: 15360 KB
physical id	: 0
siblings	: 12
core id		: 3
cpu cores	: 6
apicid		: 6
initial apicid	: 6
fpu		: yes
fpu_exception	: yes
cpuid level	: 20
wp		: yes
flags		: fpu vme de pse tsc msr pae mce cx8 apic sep mtrr pge mca cmov pat pse36 clflush dts acpi mmx fxsr sse sse2 ss ht tm pbe syscall nx pdpe1gb rdtscp lm constant_tsc arch_perfmon pebs bts rep_good nopl xtopology nonstop_tsc cpuid aperfmperf pni pclmulqdq dtes64 monitor ds_cpl vmx smx est tm2 ssse3 sdbg fma cx16 xtpr pdcm pcid dca sse4_1 sse4_2 x2apic movbe popcnt tsc_deadline_timer aes xsave avx f16c rdrand lahf_lm abm 3dnowprefetch cpuid_fault epb cat_l3 cdp_l3 invpcid_single pti intel_ppin ssbd ibrs ibpb stibp tpr_shadow vnmi flexpriority ept vpid fsgsbase tsc_adjust bmi1 hle avx2 smep bmi2 erms invpcid rtm cqm rdt_a rdseed adx smap intel_pt xsaveopt cqm_llc cqm_occup_llc cqm_mbm_total cqm_mbm_local dtherm ida arat pln pts flush_l1d
bugs		: cpu_meltdown spectre_v1 spectre_v2 spec_store_bypass l1tf
bogomips	: 7199.92
clflush size	: 64
cache_alignment	: 64
address sizes	: 46 bits physical, 48 bits virtual
power management:

processor	: 4
vendor_id	: GenuineIntel
cpu family	: 6
model		: 79
model name	: Intel(R) Xeon(R) CPU E5-1650 v4 @ 3.60GHz
stepping	: 1
microcode	: 0xb00002e
cpu MHz		: 2711.971
cache size	: 15360 KB
physical id	: 0
siblings	: 12
core id		: 4
cpu cores	: 6
apicid		: 8
initial apicid	: 8
fpu		: yes
fpu_exception	: yes
cpuid level	: 20
wp		: yes
flags		: fpu vme de pse tsc msr pae mce cx8 apic sep mtrr pge mca cmov pat pse36 clflush dts acpi mmx fxsr sse sse2 ss ht tm pbe syscall nx pdpe1gb rdtscp lm constant_tsc arch_perfmon pebs bts rep_good nopl xtopology nonstop_tsc cpuid aperfmperf pni pclmulqdq dtes64 monitor ds_cpl vmx smx est tm2 ssse3 sdbg fma cx16 xtpr pdcm pcid dca sse4_1 sse4_2 x2apic movbe popcnt tsc_deadline_timer aes xsave avx f16c rdrand lahf_lm abm 3dnowprefetch cpuid_fault epb cat_l3 cdp_l3 invpcid_single pti intel_ppin ssbd ibrs ibpb stibp tpr_shadow vnmi flexpriority ept vpid fsgsbase tsc_adjust bmi1 hle avx2 smep bmi2 erms invpcid rtm cqm rdt_a rdseed adx smap intel_pt xsaveopt cqm_llc cqm_occup_llc cqm_mbm_total cqm_mbm_local dtherm ida arat pln pts flush_l1d
bugs		: cpu_meltdown spectre_v1 spectre_v2 spec_store_bypass l1tf
bogomips	: 7199.92
clflush size	: 64
cache_alignment	: 64
address sizes	: 46 bits physical, 48 bits virtual
power management:

processor	: 5
vendor_id	: GenuineIntel
cpu family	: 6
model		: 79
model name	: Intel(R) Xeon(R) CPU E5-1650 v4 @ 3.60GHz
stepping	: 1
microcode	: 0xb00002e
cpu MHz		: 1200.070
cache size	: 15360 KB
physical id	: 0
siblings	: 12
core id		: 5
cpu cores	: 6
apicid		: 10
initial apicid	: 10
fpu		: yes
fpu_exception	: yes
cpuid level	: 20
wp		: yes
flags		: fpu vme de pse tsc msr pae mce cx8 apic sep mtrr pge mca cmov pat pse36 clflush dts acpi mmx fxsr sse sse2 ss ht tm pbe syscall nx pdpe1gb rdtscp lm constant_tsc arch_perfmon pebs bts rep_good nopl xtopology nonstop_tsc cpuid aperfmperf pni pclmulqdq dtes64 monitor ds_cpl vmx smx est tm2 ssse3 sdbg fma cx16 xtpr pdcm pcid dca sse4_1 sse4_2 x2apic movbe popcnt tsc_deadline_timer aes xsave avx f16c rdrand lahf_lm abm 3dnowprefetch cpuid_fault epb cat_l3 cdp_l3 invpcid_single pti intel_ppin ssbd ibrs ibpb stibp tpr_shadow vnmi flexpriority ept vpid fsgsbase tsc_adjust bmi1 hle avx2 smep bmi2 erms invpcid rtm cqm rdt_a rdseed adx smap intel_pt xsaveopt cqm_llc cqm_occup_llc cqm_mbm_total cqm_mbm_local dtherm ida arat pln pts flush_l1d
bugs		: cpu_meltdown spectre_v1 spectre_v2 spec_store_bypass l1tf
bogomips	: 7199.92
clflush size	: 64
cache_alignment	: 64
address sizes	: 46 bits physical, 48 bits virtual
power management:

processor	: 6
vendor_id	: GenuineIntel
cpu family	: 6
model		: 79
model name	: Intel(R) Xeon(R) CPU E5-1650 v4 @ 3.60GHz
stepping	: 1
microcode	: 0xb00002e
cpu MHz		: 1246.505
cache size	: 15360 KB
physical id	: 0
siblings	: 12
core id		: 0
cpu cores	: 6
apicid		: 1
initial apicid	: 1
fpu		: yes
fpu_exception	: yes
cpuid level	: 20
wp		: yes
flags		: fpu vme de pse tsc msr pae mce cx8 apic sep mtrr pge mca cmov pat pse36 clflush dts acpi mmx fxsr sse sse2 ss ht tm pbe syscall nx pdpe1gb rdtscp lm constant_tsc arch_perfmon pebs bts rep_good nopl xtopology nonstop_tsc cpuid aperfmperf pni pclmulqdq dtes64 monitor ds_cpl vmx smx est tm2 ssse3 sdbg fma cx16 xtpr pdcm pcid dca sse4_1 sse4_2 x2apic movbe popcnt tsc_deadline_timer aes xsave avx f16c rdrand lahf_lm abm 3dnowprefetch cpuid_fault epb cat_l3 cdp_l3 invpcid_single pti intel_ppin ssbd ibrs ibpb stibp tpr_shadow vnmi flexpriority ept vpid fsgsbase tsc_adjust bmi1 hle avx2 smep bmi2 erms invpcid rtm cqm rdt_a rdseed adx smap intel_pt xsaveopt cqm_llc cqm_occup_llc cqm_mbm_total cqm_mbm_local dtherm ida arat pln pts flush_l1d
bugs		: cpu_meltdown spectre_v1 spectre_v2 spec_store_bypass l1tf
bogomips	: 7199.92
clflush size	: 64
cache_alignment	: 64
address sizes	: 46 bits physical, 48 bits virtual
power management:

processor	: 7
vendor_id	: GenuineIntel
cpu family	: 6
model		: 79
model name	: Intel(R) Xeon(R) CPU E5-1650 v4 @ 3.60GHz
stepping	: 1
microcode	: 0xb00002e
cpu MHz		: 2587.572
cache size	: 15360 KB
physical id	: 0
siblings	: 12
core id		: 1
cpu cores	: 6
apicid		: 3
initial apicid	: 3
fpu		: yes
fpu_exception	: yes
cpuid level	: 20
wp		: yes
flags		: fpu vme de pse tsc msr pae mce cx8 apic sep mtrr pge mca cmov pat pse36 clflush dts acpi mmx fxsr sse sse2 ss ht tm pbe syscall nx pdpe1gb rdtscp lm constant_tsc arch_perfmon pebs bts rep_good nopl xtopology nonstop_tsc cpuid aperfmperf pni pclmulqdq dtes64 monitor ds_cpl vmx smx est tm2 ssse3 sdbg fma cx16 xtpr pdcm pcid dca sse4_1 sse4_2 x2apic movbe popcnt tsc_deadline_timer aes xsave avx f16c rdrand lahf_lm abm 3dnowprefetch cpuid_fault epb cat_l3 cdp_l3 invpcid_single pti intel_ppin ssbd ibrs ibpb stibp tpr_shadow vnmi flexpriority ept vpid fsgsbase tsc_adjust bmi1 hle avx2 smep bmi2 erms invpcid rtm cqm rdt_a rdseed adx smap intel_pt xsaveopt cqm_llc cqm_occup_llc cqm_mbm_total cqm_mbm_local dtherm ida arat pln pts flush_l1d
bugs		: cpu_meltdown spectre_v1 spectre_v2 spec_store_bypass l1tf
bogomips	: 7199.92
clflush size	: 64
cache_alignment	: 64
address sizes	: 46 bits physical, 48 bits virtual
power management:

processor	: 8
vendor_id	: GenuineIntel
cpu family	: 6
model		: 79
model name	: Intel(R) Xeon(R) CPU E5-1650 v4 @ 3.60GHz
stepping	: 1
microcode	: 0xb00002e
cpu MHz		: 1200.005
cache size	: 15360 KB
physical id	: 0
siblings	: 12
core id		: 2
cpu cores	: 6
apicid		: 5
initial apicid	: 5
fpu		: yes
fpu_exception	: yes
cpuid level	: 20
wp		: yes
flags		: fpu vme de pse tsc msr pae mce cx8 apic sep mtrr pge mca cmov pat pse36 clflush dts acpi mmx fxsr sse sse2 ss ht tm pbe syscall nx pdpe1gb rdtscp lm constant_tsc arch_perfmon pebs bts rep_good nopl xtopology nonstop_tsc cpuid aperfmperf pni pclmulqdq dtes64 monitor ds_cpl vmx smx est tm2 ssse3 sdbg fma cx16 xtpr pdcm pcid dca sse4_1 sse4_2 x2apic movbe popcnt tsc_deadline_timer aes xsave avx f16c rdrand lahf_lm abm 3dnowprefetch cpuid_fault epb cat_l3 cdp_l3 invpcid_single pti intel_ppin ssbd ibrs ibpb stibp tpr_shadow vnmi flexpriority ept vpid fsgsbase tsc_adjust bmi1 hle avx2 smep bmi2 erms invpcid rtm cqm rdt_a rdseed adx smap intel_pt xsaveopt cqm_llc cqm_occup_llc cqm_mbm_total cqm_mbm_local dtherm ida arat pln pts flush_l1d
bugs		: cpu_meltdown spectre_v1 spectre_v2 spec_store_bypass l1tf
bogomips	: 7199.92
clflush size	: 64
cache_alignment	: 64
address sizes	: 46 bits physical, 48 bits virtual
power management:

processor	: 9
vendor_id	: GenuineIntel
cpu family	: 6
model		: 79
model name	: Intel(R) Xeon(R) CPU E5-1650 v4 @ 3.60GHz
stepping	: 1
microcode	: 0xb00002e
cpu MHz		: 2701.006
cache size	: 15360 KB
physical id	: 0
siblings	: 12
core id		: 3
cpu cores	: 6
apicid		: 7
initial apicid	: 7
fpu		: yes
fpu_exception	: yes
cpuid level	: 20
wp		: yes
flags		: fpu vme de pse tsc msr pae mce cx8 apic sep mtrr pge mca cmov pat pse36 clflush dts acpi mmx fxsr sse sse2 ss ht tm pbe syscall nx pdpe1gb rdtscp lm constant_tsc arch_perfmon pebs bts rep_good nopl xtopology nonstop_tsc cpuid aperfmperf pni pclmulqdq dtes64 monitor ds_cpl vmx smx est tm2 ssse3 sdbg fma cx16 xtpr pdcm pcid dca sse4_1 sse4_2 x2apic movbe popcnt tsc_deadline_timer aes xsave avx f16c rdrand lahf_lm abm 3dnowprefetch cpuid_fault epb cat_l3 cdp_l3 invpcid_single pti intel_ppin ssbd ibrs ibpb stibp tpr_shadow vnmi flexpriority ept vpid fsgsbase tsc_adjust bmi1 hle avx2 smep bmi2 erms invpcid rtm cqm rdt_a rdseed adx smap intel_pt xsaveopt cqm_llc cqm_occup_llc cqm_mbm_total cqm_mbm_local dtherm ida arat pln pts flush_l1d
bugs		: cpu_meltdown spectre_v1 spectre_v2 spec_store_bypass l1tf
bogomips	: 7199.92
clflush size	: 64
cache_alignment	: 64
address sizes	: 46 bits physical, 48 bits virtual
power management:

processor	: 10
vendor_id	: GenuineIntel
cpu family	: 6
model		: 79
model name	: Intel(R) Xeon(R) CPU E5-1650 v4 @ 3.60GHz
stepping	: 1
microcode	: 0xb00002e
cpu MHz		: 2330.601
cache size	: 15360 KB
physical id	: 0
siblings	: 12
core id		: 4
cpu cores	: 6
apicid		: 9
initial apicid	: 9
fpu		: yes
fpu_exception	: yes
cpuid level	: 20
wp		: yes
flags		: fpu vme de pse tsc msr pae mce cx8 apic sep mtrr pge mca cmov pat pse36 clflush dts acpi mmx fxsr sse sse2 ss ht tm pbe syscall nx pdpe1gb rdtscp lm constant_tsc arch_perfmon pebs bts rep_good nopl xtopology nonstop_tsc cpuid aperfmperf pni pclmulqdq dtes64 monitor ds_cpl vmx smx est tm2 ssse3 sdbg fma cx16 xtpr pdcm pcid dca sse4_1 sse4_2 x2apic movbe popcnt tsc_deadline_timer aes xsave avx f16c rdrand lahf_lm abm 3dnowprefetch cpuid_fault epb cat_l3 cdp_l3 invpcid_single pti intel_ppin ssbd ibrs ibpb stibp tpr_shadow vnmi flexpriority ept vpid fsgsbase tsc_adjust bmi1 hle avx2 smep bmi2 erms invpcid rtm cqm rdt_a rdseed adx smap intel_pt xsaveopt cqm_llc cqm_occup_llc cqm_mbm_total cqm_mbm_local dtherm ida arat pln pts flush_l1d
bugs		: cpu_meltdown spectre_v1 spectre_v2 spec_store_bypass l1tf
bogomips	: 7199.92
clflush size	: 64
cache_alignment	: 64
address sizes	: 46 bits physical, 48 bits virtual
power management:

processor	: 11
vendor_id	: GenuineIntel
cpu family	: 6
model		: 79
model name	: Intel(R) Xeon(R) CPU E5-1650 v4 @ 3.60GHz
stepping	: 1
microcode	: 0xb00002e
cpu MHz		: 1200.053
cache size	: 15360 KB
physical id	: 0
siblings	: 12
core id		: 5
cpu cores	: 6
apicid		: 11
initial apicid	: 11
fpu		: yes
fpu_exception	: yes
cpuid level	: 20
wp		: yes
flags		: fpu vme de pse tsc msr pae mce cx8 apic sep mtrr pge mca cmov pat pse36 clflush dts acpi mmx fxsr sse sse2 ss ht tm pbe syscall nx pdpe1gb rdtscp lm constant_tsc arch_perfmon pebs bts rep_good nopl xtopology nonstop_tsc cpuid aperfmperf pni pclmulqdq dtes64 monitor ds_cpl vmx smx est tm2 ssse3 sdbg fma cx16 xtpr pdcm pcid dca sse4_1 sse4_2 x2apic movbe popcnt tsc_deadline_timer aes xsave avx f16c rdrand lahf_lm abm 3dnowprefetch cpuid_fault epb cat_l3 cdp_l3 invpcid_single pti intel_ppin ssbd ibrs ibpb stibp tpr_shadow vnmi flexpriority ept vpid fsgsbase tsc_adjust bmi1 hle avx2 smep bmi2 erms invpcid rtm cqm rdt_a rdseed adx smap intel_pt xsaveopt cqm_llc cqm_occup_llc cqm_mbm_total cqm_mbm_local dtherm ida arat pln pts flush_l1d
bugs		: cpu_meltdown spectre_v1 spectre_v2 spec_store_bypass l1tf
bogomips	: 7199.92
clflush size	: 64
cache_alignment	: 64
address sizes	: 46 bits physical, 48 bits virtual
power management:



Memory: 4k page, physical 16298752k(237704k free), swap 1000444k(68736k free)

vm_info: Java HotSpot(TM) 64-Bit Server VM (25.191-b12) for linux-amd64 JRE (1.8.0_191-b12), built on Oct  6 2018 05:43:09 by "java_re" with gcc 7.3.0

time: Mon Mar  4 15:03:50 2019
elapsed time: 0 seconds (0d 0h 0m 0s)

